<?xml version="1.0" encoding="UTF-8"?>
<testsuite name="tests.job.JenkinsfileTestSpec" tests="8" skipped="0" failures="0" errors="0" timestamp="2017-07-24T19:54:17" hostname="majchrj2-ZUH03M" time="7.529">
  <properties/>
  <testcase name="Jenkinsfile should run gradle tests with expected command line validate:null gradle: null" classname="tests.job.JenkinsfileTestSpec" time="3.806"/>
  <testcase name="Jenkinsfile should run gradle tests with expected command line validate:true gradle: test" classname="tests.job.JenkinsfileTestSpec" time="0.659"/>
  <testcase name="Jenkinsfile should run gradle tests with expected command line validate:false gradle: build test" classname="tests.job.JenkinsfileTestSpec" time="0.607"/>
  <testcase name="Jenkinsfile gradle failure should fail job" classname="tests.job.JenkinsfileTestSpec" time="0.596"/>
  <testcase name="Jenkinsfile cover all build results for post sections - SUCCESS" classname="tests.job.JenkinsfileTestSpec" time="0.58"/>
  <testcase name="Jenkinsfile cover all build results for post sections - FAILURE" classname="tests.job.JenkinsfileTestSpec" time="0.432"/>
  <testcase name="Jenkinsfile cover all build results for post sections - ABORTED" classname="tests.job.JenkinsfileTestSpec" time="0.374"/>
  <testcase name="Jenkinsfile cover all build results for post sections - UNSTABLE" classname="tests.job.JenkinsfileTestSpec" time="0.459"/>
  <system-out><![CDATA[Stage 'validate' skipped due to when expression returned false
post failure skipped as not FAILURE
post unstable skipped as SUCCESS
>>>>>> pipeline call stack -------------------------------------------------
   Jenkinsfile.run()
      Jenkinsfile.pipeline(groovy.lang.Closure)
         Jenkinsfile.agent(groovy.lang.Closure)
         Jenkinsfile.parameters(groovy.lang.Closure)
            Jenkinsfile.booleanParam({defaultValue=false, description=Whether to run validation stage, name=VALIDATE})
            Jenkinsfile.string({defaultValue=clean build test -i, description=Tasks and options for the gradle command, name=GRADLE_TASKS_OPTIONS})
         Jenkinsfile.options(groovy.lang.Closure)
            Jenkinsfile.logRotator({numToKeepStr=10})
            Jenkinsfile.buildDiscarder(null)
            Jenkinsfile.timestamps()
         Jenkinsfile.triggers(groovy.lang.Closure)
            Jenkinsfile.pollSCM(*/5 * * * *)
         Jenkinsfile.stages(groovy.lang.Closure)
            Jenkinsfile.stage(Checkout, groovy.lang.Closure)
               Jenkinsfile.steps(groovy.lang.Closure)
                  Jenkinsfile.deleteDir()
                  Jenkinsfile.checkout(groovy.lang.Closure)
            Jenkinsfile.stage(build, groovy.lang.Closure)
               Jenkinsfile.steps(groovy.lang.Closure)
                  Jenkinsfile.tool({name=GRADLE_3, type=hudson.plugins.gradle.GradleInstallation})
                  Jenkinsfile.withEnv([GRADLE_HOME=GRADLE_3_HOME], groovy.lang.Closure)
                     Jenkinsfile.withEnv([PATH=/some/path:GRADLE_3_HOME/bin], groovy.lang.Closure)
                        Jenkinsfile.echo(GRADLE_HOME=GRADLE_3_HOME)
                        Jenkinsfile.echo(PATH=/some/path:GRADLE_3_HOME/bin)
                        Jenkinsfile.sh(gradle clean build test -i)
            Jenkinsfile.stage(validate, groovy.lang.Closure)
               Jenkinsfile.when(groovy.lang.Closure)
                  Jenkinsfile.expression(groovy.lang.Closure)
         Jenkinsfile.post(groovy.lang.Closure)
            Jenkinsfile.always(groovy.lang.Closure)
               Jenkinsfile.echo(pipeline unit tests completed)
            Jenkinsfile.success(groovy.lang.Closure)
               Jenkinsfile.echo(pipeline unit tests PASSED)
            Jenkinsfile.failure(groovy.lang.Closure)
            Jenkinsfile.changed(groovy.lang.Closure)
               Jenkinsfile.echo(pipeline unit tests results have CHANGED)
            Jenkinsfile.unstable(groovy.lang.Closure)
   Jenkinsfile.execute()

post failure skipped as not FAILURE
post unstable skipped as SUCCESS
>>>>>> pipeline call stack -------------------------------------------------
   Jenkinsfile.run()
      Jenkinsfile.pipeline(groovy.lang.Closure)
         Jenkinsfile.agent(groovy.lang.Closure)
         Jenkinsfile.parameters(groovy.lang.Closure)
            Jenkinsfile.booleanParam({defaultValue=false, description=Whether to run validation stage, name=VALIDATE})
            Jenkinsfile.string({defaultValue=clean build test -i, description=Tasks and options for the gradle command, name=GRADLE_TASKS_OPTIONS})
         Jenkinsfile.options(groovy.lang.Closure)
            Jenkinsfile.logRotator({numToKeepStr=10})
            Jenkinsfile.buildDiscarder(null)
            Jenkinsfile.timestamps()
         Jenkinsfile.triggers(groovy.lang.Closure)
            Jenkinsfile.pollSCM(*/5 * * * *)
         Jenkinsfile.stages(groovy.lang.Closure)
            Jenkinsfile.stage(Checkout, groovy.lang.Closure)
               Jenkinsfile.steps(groovy.lang.Closure)
                  Jenkinsfile.deleteDir()
                  Jenkinsfile.checkout(groovy.lang.Closure)
            Jenkinsfile.stage(build, groovy.lang.Closure)
               Jenkinsfile.steps(groovy.lang.Closure)
                  Jenkinsfile.tool({name=GRADLE_3, type=hudson.plugins.gradle.GradleInstallation})
                  Jenkinsfile.withEnv([GRADLE_HOME=GRADLE_3_HOME], groovy.lang.Closure)
                     Jenkinsfile.withEnv([PATH=/some/path:GRADLE_3_HOME/bin], groovy.lang.Closure)
                        Jenkinsfile.echo(GRADLE_HOME=GRADLE_3_HOME)
                        Jenkinsfile.echo(PATH=/some/path:GRADLE_3_HOME/bin)
                        Jenkinsfile.sh(gradle test)
            Jenkinsfile.stage(validate, groovy.lang.Closure)
               Jenkinsfile.when(groovy.lang.Closure)
                  Jenkinsfile.expression(groovy.lang.Closure)
               Jenkinsfile.steps(groovy.lang.Closure)
                  Jenkinsfile.sh(TODO_VALIDATION_COMMANDS)
         Jenkinsfile.post(groovy.lang.Closure)
            Jenkinsfile.always(groovy.lang.Closure)
               Jenkinsfile.echo(pipeline unit tests completed)
            Jenkinsfile.success(groovy.lang.Closure)
               Jenkinsfile.echo(pipeline unit tests PASSED)
            Jenkinsfile.failure(groovy.lang.Closure)
            Jenkinsfile.changed(groovy.lang.Closure)
               Jenkinsfile.echo(pipeline unit tests results have CHANGED)
            Jenkinsfile.unstable(groovy.lang.Closure)
   Jenkinsfile.execute()

Stage 'validate' skipped due to when expression returned false
post failure skipped as not FAILURE
post unstable skipped as SUCCESS
>>>>>> pipeline call stack -------------------------------------------------
   Jenkinsfile.run()
      Jenkinsfile.pipeline(groovy.lang.Closure)
         Jenkinsfile.agent(groovy.lang.Closure)
         Jenkinsfile.parameters(groovy.lang.Closure)
            Jenkinsfile.booleanParam({defaultValue=false, description=Whether to run validation stage, name=VALIDATE})
            Jenkinsfile.string({defaultValue=clean build test -i, description=Tasks and options for the gradle command, name=GRADLE_TASKS_OPTIONS})
         Jenkinsfile.options(groovy.lang.Closure)
            Jenkinsfile.logRotator({numToKeepStr=10})
            Jenkinsfile.buildDiscarder(null)
            Jenkinsfile.timestamps()
         Jenkinsfile.triggers(groovy.lang.Closure)
            Jenkinsfile.pollSCM(*/5 * * * *)
         Jenkinsfile.stages(groovy.lang.Closure)
            Jenkinsfile.stage(Checkout, groovy.lang.Closure)
               Jenkinsfile.steps(groovy.lang.Closure)
                  Jenkinsfile.deleteDir()
                  Jenkinsfile.checkout(groovy.lang.Closure)
            Jenkinsfile.stage(build, groovy.lang.Closure)
               Jenkinsfile.steps(groovy.lang.Closure)
                  Jenkinsfile.tool({name=GRADLE_3, type=hudson.plugins.gradle.GradleInstallation})
                  Jenkinsfile.withEnv([GRADLE_HOME=GRADLE_3_HOME], groovy.lang.Closure)
                     Jenkinsfile.withEnv([PATH=/some/path:GRADLE_3_HOME/bin], groovy.lang.Closure)
                        Jenkinsfile.echo(GRADLE_HOME=GRADLE_3_HOME)
                        Jenkinsfile.echo(PATH=/some/path:GRADLE_3_HOME/bin)
                        Jenkinsfile.sh(gradle build test)
            Jenkinsfile.stage(validate, groovy.lang.Closure)
               Jenkinsfile.when(groovy.lang.Closure)
                  Jenkinsfile.expression(groovy.lang.Closure)
         Jenkinsfile.post(groovy.lang.Closure)
            Jenkinsfile.always(groovy.lang.Closure)
               Jenkinsfile.echo(pipeline unit tests completed)
            Jenkinsfile.success(groovy.lang.Closure)
               Jenkinsfile.echo(pipeline unit tests PASSED)
            Jenkinsfile.failure(groovy.lang.Closure)
            Jenkinsfile.changed(groovy.lang.Closure)
               Jenkinsfile.echo(pipeline unit tests results have CHANGED)
            Jenkinsfile.unstable(groovy.lang.Closure)
   Jenkinsfile.execute()

Stage 'validate' skipped - job status: 'FAILURE'
post success skipped as not SUCCESS
post unstable skipped as SUCCESS
>>>>>> pipeline call stack -------------------------------------------------
   Jenkinsfile.run()
      Jenkinsfile.pipeline(groovy.lang.Closure)
         Jenkinsfile.agent(groovy.lang.Closure)
         Jenkinsfile.parameters(groovy.lang.Closure)
            Jenkinsfile.booleanParam({defaultValue=false, description=Whether to run validation stage, name=VALIDATE})
            Jenkinsfile.string({defaultValue=clean build test -i, description=Tasks and options for the gradle command, name=GRADLE_TASKS_OPTIONS})
         Jenkinsfile.options(groovy.lang.Closure)
            Jenkinsfile.logRotator({numToKeepStr=10})
            Jenkinsfile.buildDiscarder(null)
            Jenkinsfile.timestamps()
         Jenkinsfile.triggers(groovy.lang.Closure)
            Jenkinsfile.pollSCM(*/5 * * * *)
         Jenkinsfile.stages(groovy.lang.Closure)
            Jenkinsfile.stage(Checkout, groovy.lang.Closure)
               Jenkinsfile.steps(groovy.lang.Closure)
                  Jenkinsfile.deleteDir()
                  Jenkinsfile.checkout(groovy.lang.Closure)
            Jenkinsfile.stage(build, groovy.lang.Closure)
               Jenkinsfile.steps(groovy.lang.Closure)
                  Jenkinsfile.tool({name=GRADLE_3, type=hudson.plugins.gradle.GradleInstallation})
                  Jenkinsfile.withEnv([GRADLE_HOME=GRADLE_3_HOME], groovy.lang.Closure)
                     Jenkinsfile.withEnv([PATH=/some/path:GRADLE_3_HOME/bin], groovy.lang.Closure)
                        Jenkinsfile.echo(GRADLE_HOME=GRADLE_3_HOME)
                        Jenkinsfile.echo(PATH=/some/path:GRADLE_3_HOME/bin)
                        Jenkinsfile.sh(gradle clean build test -i)
            Jenkinsfile.stage(validate, groovy.lang.Closure)
         Jenkinsfile.post(groovy.lang.Closure)
            Jenkinsfile.always(groovy.lang.Closure)
               Jenkinsfile.echo(pipeline unit tests completed)
            Jenkinsfile.success(groovy.lang.Closure)
            Jenkinsfile.failure(groovy.lang.Closure)
               Jenkinsfile.echo(pipeline unit tests FAILED)
            Jenkinsfile.changed(groovy.lang.Closure)
               Jenkinsfile.echo(pipeline unit tests results have CHANGED)
            Jenkinsfile.unstable(groovy.lang.Closure)
   Jenkinsfile.execute()

Stage 'validate' skipped due to when expression returned false
post failure skipped as not FAILURE
post unstable skipped as SUCCESS
>>>>>> pipeline call stack -------------------------------------------------
   Jenkinsfile.run()
      Jenkinsfile.pipeline(groovy.lang.Closure)
         Jenkinsfile.agent(groovy.lang.Closure)
         Jenkinsfile.parameters(groovy.lang.Closure)
            Jenkinsfile.booleanParam({defaultValue=false, description=Whether to run validation stage, name=VALIDATE})
            Jenkinsfile.string({defaultValue=clean build test -i, description=Tasks and options for the gradle command, name=GRADLE_TASKS_OPTIONS})
         Jenkinsfile.options(groovy.lang.Closure)
            Jenkinsfile.logRotator({numToKeepStr=10})
            Jenkinsfile.buildDiscarder(null)
            Jenkinsfile.timestamps()
         Jenkinsfile.triggers(groovy.lang.Closure)
            Jenkinsfile.pollSCM(*/5 * * * *)
         Jenkinsfile.stages(groovy.lang.Closure)
            Jenkinsfile.stage(Checkout, groovy.lang.Closure)
               Jenkinsfile.steps(groovy.lang.Closure)
                  Jenkinsfile.deleteDir()
                  Jenkinsfile.checkout(groovy.lang.Closure)
            Jenkinsfile.stage(build, groovy.lang.Closure)
               Jenkinsfile.steps(groovy.lang.Closure)
                  Jenkinsfile.tool({name=GRADLE_3, type=hudson.plugins.gradle.GradleInstallation})
                  Jenkinsfile.withEnv([GRADLE_HOME=GRADLE_3_HOME], groovy.lang.Closure)
                     Jenkinsfile.withEnv([PATH=/some/path:GRADLE_3_HOME/bin], groovy.lang.Closure)
                        Jenkinsfile.echo(GRADLE_HOME=GRADLE_3_HOME)
                        Jenkinsfile.echo(PATH=/some/path:GRADLE_3_HOME/bin)
                        Jenkinsfile.sh(gradle clean build test -i)
            Jenkinsfile.stage(validate, groovy.lang.Closure)
               Jenkinsfile.when(groovy.lang.Closure)
                  Jenkinsfile.expression(groovy.lang.Closure)
         Jenkinsfile.post(groovy.lang.Closure)
            Jenkinsfile.always(groovy.lang.Closure)
               Jenkinsfile.echo(pipeline unit tests completed)
            Jenkinsfile.success(groovy.lang.Closure)
               Jenkinsfile.echo(pipeline unit tests PASSED)
            Jenkinsfile.failure(groovy.lang.Closure)
            Jenkinsfile.changed(groovy.lang.Closure)
               Jenkinsfile.echo(pipeline unit tests results have CHANGED)
            Jenkinsfile.unstable(groovy.lang.Closure)
   Jenkinsfile.execute()

Stage 'Checkout' skipped - job status: 'FAILURE'
Stage 'build' skipped - job status: 'FAILURE'
Stage 'validate' skipped - job status: 'FAILURE'
post success skipped as not SUCCESS
post unstable skipped as SUCCESS
>>>>>> pipeline call stack -------------------------------------------------
   Jenkinsfile.run()
      Jenkinsfile.pipeline(groovy.lang.Closure)
         Jenkinsfile.agent(groovy.lang.Closure)
         Jenkinsfile.parameters(groovy.lang.Closure)
            Jenkinsfile.booleanParam({defaultValue=false, description=Whether to run validation stage, name=VALIDATE})
            Jenkinsfile.string({defaultValue=clean build test -i, description=Tasks and options for the gradle command, name=GRADLE_TASKS_OPTIONS})
         Jenkinsfile.options(groovy.lang.Closure)
            Jenkinsfile.logRotator({numToKeepStr=10})
            Jenkinsfile.buildDiscarder(null)
            Jenkinsfile.timestamps()
         Jenkinsfile.triggers(groovy.lang.Closure)
            Jenkinsfile.pollSCM(*/5 * * * *)
         Jenkinsfile.stages(groovy.lang.Closure)
            Jenkinsfile.stage(Checkout, groovy.lang.Closure)
            Jenkinsfile.stage(build, groovy.lang.Closure)
            Jenkinsfile.stage(validate, groovy.lang.Closure)
         Jenkinsfile.post(groovy.lang.Closure)
            Jenkinsfile.always(groovy.lang.Closure)
               Jenkinsfile.echo(pipeline unit tests completed)
            Jenkinsfile.success(groovy.lang.Closure)
            Jenkinsfile.failure(groovy.lang.Closure)
               Jenkinsfile.echo(pipeline unit tests FAILED)
            Jenkinsfile.changed(groovy.lang.Closure)
               Jenkinsfile.echo(pipeline unit tests results have CHANGED)
            Jenkinsfile.unstable(groovy.lang.Closure)
   Jenkinsfile.execute()

Stage 'Checkout' skipped - job status: 'ABORTED'
Stage 'build' skipped - job status: 'ABORTED'
Stage 'validate' skipped - job status: 'ABORTED'
post success skipped as not SUCCESS
post failure skipped as not FAILURE
post unstable skipped as SUCCESS
>>>>>> pipeline call stack -------------------------------------------------
   Jenkinsfile.run()
      Jenkinsfile.pipeline(groovy.lang.Closure)
         Jenkinsfile.agent(groovy.lang.Closure)
         Jenkinsfile.parameters(groovy.lang.Closure)
            Jenkinsfile.booleanParam({defaultValue=false, description=Whether to run validation stage, name=VALIDATE})
            Jenkinsfile.string({defaultValue=clean build test -i, description=Tasks and options for the gradle command, name=GRADLE_TASKS_OPTIONS})
         Jenkinsfile.options(groovy.lang.Closure)
            Jenkinsfile.logRotator({numToKeepStr=10})
            Jenkinsfile.buildDiscarder(null)
            Jenkinsfile.timestamps()
         Jenkinsfile.triggers(groovy.lang.Closure)
            Jenkinsfile.pollSCM(*/5 * * * *)
         Jenkinsfile.stages(groovy.lang.Closure)
            Jenkinsfile.stage(Checkout, groovy.lang.Closure)
            Jenkinsfile.stage(build, groovy.lang.Closure)
            Jenkinsfile.stage(validate, groovy.lang.Closure)
         Jenkinsfile.post(groovy.lang.Closure)
            Jenkinsfile.always(groovy.lang.Closure)
               Jenkinsfile.echo(pipeline unit tests completed)
            Jenkinsfile.success(groovy.lang.Closure)
            Jenkinsfile.failure(groovy.lang.Closure)
            Jenkinsfile.changed(groovy.lang.Closure)
               Jenkinsfile.echo(pipeline unit tests results have CHANGED)
            Jenkinsfile.unstable(groovy.lang.Closure)
   Jenkinsfile.execute()

Stage 'validate' skipped due to when expression returned false
post success skipped as not SUCCESS
post failure skipped as not FAILURE
>>>>>> pipeline call stack -------------------------------------------------
   Jenkinsfile.run()
      Jenkinsfile.pipeline(groovy.lang.Closure)
         Jenkinsfile.agent(groovy.lang.Closure)
         Jenkinsfile.parameters(groovy.lang.Closure)
            Jenkinsfile.booleanParam({defaultValue=false, description=Whether to run validation stage, name=VALIDATE})
            Jenkinsfile.string({defaultValue=clean build test -i, description=Tasks and options for the gradle command, name=GRADLE_TASKS_OPTIONS})
         Jenkinsfile.options(groovy.lang.Closure)
            Jenkinsfile.logRotator({numToKeepStr=10})
            Jenkinsfile.buildDiscarder(null)
            Jenkinsfile.timestamps()
         Jenkinsfile.triggers(groovy.lang.Closure)
            Jenkinsfile.pollSCM(*/5 * * * *)
         Jenkinsfile.stages(groovy.lang.Closure)
            Jenkinsfile.stage(Checkout, groovy.lang.Closure)
               Jenkinsfile.steps(groovy.lang.Closure)
                  Jenkinsfile.deleteDir()
                  Jenkinsfile.checkout(groovy.lang.Closure)
            Jenkinsfile.stage(build, groovy.lang.Closure)
               Jenkinsfile.steps(groovy.lang.Closure)
                  Jenkinsfile.tool({name=GRADLE_3, type=hudson.plugins.gradle.GradleInstallation})
                  Jenkinsfile.withEnv([GRADLE_HOME=GRADLE_3_HOME], groovy.lang.Closure)
                     Jenkinsfile.withEnv([PATH=/some/path:GRADLE_3_HOME/bin], groovy.lang.Closure)
                        Jenkinsfile.echo(GRADLE_HOME=GRADLE_3_HOME)
                        Jenkinsfile.echo(PATH=/some/path:GRADLE_3_HOME/bin)
                        Jenkinsfile.sh(gradle clean build test -i)
            Jenkinsfile.stage(validate, groovy.lang.Closure)
               Jenkinsfile.when(groovy.lang.Closure)
                  Jenkinsfile.expression(groovy.lang.Closure)
         Jenkinsfile.post(groovy.lang.Closure)
            Jenkinsfile.always(groovy.lang.Closure)
               Jenkinsfile.echo(pipeline unit tests completed)
            Jenkinsfile.success(groovy.lang.Closure)
            Jenkinsfile.failure(groovy.lang.Closure)
            Jenkinsfile.changed(groovy.lang.Closure)
               Jenkinsfile.echo(pipeline unit tests results have CHANGED)
            Jenkinsfile.unstable(groovy.lang.Closure)
               Jenkinsfile.echo(pipeline unit tests have gone UNSTABLE)
   Jenkinsfile.execute()

]]></system-out>
  <system-err><![CDATA[]]></system-err>
</testsuite>
