<!DOCTYPE html>
<html>
<head>
<meta http-equiv="Content-Type" content="text/html; charset=utf-8"/>
<meta http-equiv="x-ua-compatible" content="IE=edge"/>
<title>Test results - Class tests.job.JenkinsfileTestSpec</title>
<link href="../css/base-style.css" rel="stylesheet" type="text/css"/>
<link href="../css/style.css" rel="stylesheet" type="text/css"/>
<script src="../js/report.js" type="text/javascript"></script>
</head>
<body>
<div id="content">
<h1>Class tests.job.JenkinsfileTestSpec</h1>
<div class="breadcrumbs">
<a href="../index.html">all</a> &gt; 
<a href="../packages/tests.job.html">tests.job</a> &gt; JenkinsfileTestSpec</div>
<div id="summary">
<table>
<tr>
<td>
<div class="summaryGroup">
<table>
<tr>
<td>
<div class="infoBox" id="tests">
<div class="counter">8</div>
<p>tests</p>
</div>
</td>
<td>
<div class="infoBox" id="failures">
<div class="counter">0</div>
<p>failures</p>
</div>
</td>
<td>
<div class="infoBox" id="ignored">
<div class="counter">0</div>
<p>ignored</p>
</div>
</td>
<td>
<div class="infoBox" id="duration">
<div class="counter">7.513s</div>
<p>duration</p>
</div>
</td>
</tr>
</table>
</div>
</td>
<td>
<div class="infoBox success" id="successRate">
<div class="percent">100%</div>
<p>successful</p>
</div>
</td>
</tr>
</table>
</div>
<div id="tabs">
<ul class="tabLinks">
<li>
<a href="#tab0">Tests</a>
</li>
<li>
<a href="#tab1">Standard output</a>
</li>
</ul>
<div id="tab0" class="tab">
<h2>Tests</h2>
<table>
<thead>
<tr>
<th>Test</th>
<th>Duration</th>
<th>Result</th>
</tr>
</thead>
<tr>
<td class="success">Jenkinsfile cover all build results for post sections - ABORTED</td>
<td>0.374s</td>
<td class="success">passed</td>
</tr>
<tr>
<td class="success">Jenkinsfile cover all build results for post sections - FAILURE</td>
<td>0.432s</td>
<td class="success">passed</td>
</tr>
<tr>
<td class="success">Jenkinsfile cover all build results for post sections - SUCCESS</td>
<td>0.580s</td>
<td class="success">passed</td>
</tr>
<tr>
<td class="success">Jenkinsfile cover all build results for post sections - UNSTABLE</td>
<td>0.459s</td>
<td class="success">passed</td>
</tr>
<tr>
<td class="success">Jenkinsfile gradle failure should fail job</td>
<td>0.596s</td>
<td class="success">passed</td>
</tr>
<tr>
<td class="success">Jenkinsfile should run gradle tests with expected command line validate:false gradle: build test</td>
<td>0.607s</td>
<td class="success">passed</td>
</tr>
<tr>
<td class="success">Jenkinsfile should run gradle tests with expected command line validate:null gradle: null</td>
<td>3.806s</td>
<td class="success">passed</td>
</tr>
<tr>
<td class="success">Jenkinsfile should run gradle tests with expected command line validate:true gradle: test</td>
<td>0.659s</td>
<td class="success">passed</td>
</tr>
</table>
</div>
<div id="tab1" class="tab">
<h2>Standard output</h2>
<span class="code">
<pre>Stage 'validate' skipped due to when expression returned false
post failure skipped as not FAILURE
post unstable skipped as SUCCESS
&gt;&gt;&gt;&gt;&gt;&gt; pipeline call stack -------------------------------------------------
   Jenkinsfile.run()
      Jenkinsfile.pipeline(groovy.lang.Closure)
         Jenkinsfile.agent(groovy.lang.Closure)
         Jenkinsfile.parameters(groovy.lang.Closure)
            Jenkinsfile.booleanParam({defaultValue=false, description=Whether to run validation stage, name=VALIDATE})
            Jenkinsfile.string({defaultValue=clean build test -i, description=Tasks and options for the gradle command, name=GRADLE_TASKS_OPTIONS})
         Jenkinsfile.options(groovy.lang.Closure)
            Jenkinsfile.logRotator({numToKeepStr=10})
            Jenkinsfile.buildDiscarder(null)
            Jenkinsfile.timestamps()
         Jenkinsfile.triggers(groovy.lang.Closure)
            Jenkinsfile.pollSCM(*/5 * * * *)
         Jenkinsfile.stages(groovy.lang.Closure)
            Jenkinsfile.stage(Checkout, groovy.lang.Closure)
               Jenkinsfile.steps(groovy.lang.Closure)
                  Jenkinsfile.deleteDir()
                  Jenkinsfile.checkout(groovy.lang.Closure)
            Jenkinsfile.stage(build, groovy.lang.Closure)
               Jenkinsfile.steps(groovy.lang.Closure)
                  Jenkinsfile.tool({name=GRADLE_3, type=hudson.plugins.gradle.GradleInstallation})
                  Jenkinsfile.withEnv([GRADLE_HOME=GRADLE_3_HOME], groovy.lang.Closure)
                     Jenkinsfile.withEnv([PATH=/some/path:GRADLE_3_HOME/bin], groovy.lang.Closure)
                        Jenkinsfile.echo(GRADLE_HOME=GRADLE_3_HOME)
                        Jenkinsfile.echo(PATH=/some/path:GRADLE_3_HOME/bin)
                        Jenkinsfile.sh(gradle clean build test -i)
            Jenkinsfile.stage(validate, groovy.lang.Closure)
               Jenkinsfile.when(groovy.lang.Closure)
                  Jenkinsfile.expression(groovy.lang.Closure)
         Jenkinsfile.post(groovy.lang.Closure)
            Jenkinsfile.always(groovy.lang.Closure)
               Jenkinsfile.echo(pipeline unit tests completed)
            Jenkinsfile.success(groovy.lang.Closure)
               Jenkinsfile.echo(pipeline unit tests PASSED)
            Jenkinsfile.failure(groovy.lang.Closure)
            Jenkinsfile.changed(groovy.lang.Closure)
               Jenkinsfile.echo(pipeline unit tests results have CHANGED)
            Jenkinsfile.unstable(groovy.lang.Closure)
   Jenkinsfile.execute()

post failure skipped as not FAILURE
post unstable skipped as SUCCESS
&gt;&gt;&gt;&gt;&gt;&gt; pipeline call stack -------------------------------------------------
   Jenkinsfile.run()
      Jenkinsfile.pipeline(groovy.lang.Closure)
         Jenkinsfile.agent(groovy.lang.Closure)
         Jenkinsfile.parameters(groovy.lang.Closure)
            Jenkinsfile.booleanParam({defaultValue=false, description=Whether to run validation stage, name=VALIDATE})
            Jenkinsfile.string({defaultValue=clean build test -i, description=Tasks and options for the gradle command, name=GRADLE_TASKS_OPTIONS})
         Jenkinsfile.options(groovy.lang.Closure)
            Jenkinsfile.logRotator({numToKeepStr=10})
            Jenkinsfile.buildDiscarder(null)
            Jenkinsfile.timestamps()
         Jenkinsfile.triggers(groovy.lang.Closure)
            Jenkinsfile.pollSCM(*/5 * * * *)
         Jenkinsfile.stages(groovy.lang.Closure)
            Jenkinsfile.stage(Checkout, groovy.lang.Closure)
               Jenkinsfile.steps(groovy.lang.Closure)
                  Jenkinsfile.deleteDir()
                  Jenkinsfile.checkout(groovy.lang.Closure)
            Jenkinsfile.stage(build, groovy.lang.Closure)
               Jenkinsfile.steps(groovy.lang.Closure)
                  Jenkinsfile.tool({name=GRADLE_3, type=hudson.plugins.gradle.GradleInstallation})
                  Jenkinsfile.withEnv([GRADLE_HOME=GRADLE_3_HOME], groovy.lang.Closure)
                     Jenkinsfile.withEnv([PATH=/some/path:GRADLE_3_HOME/bin], groovy.lang.Closure)
                        Jenkinsfile.echo(GRADLE_HOME=GRADLE_3_HOME)
                        Jenkinsfile.echo(PATH=/some/path:GRADLE_3_HOME/bin)
                        Jenkinsfile.sh(gradle test)
            Jenkinsfile.stage(validate, groovy.lang.Closure)
               Jenkinsfile.when(groovy.lang.Closure)
                  Jenkinsfile.expression(groovy.lang.Closure)
               Jenkinsfile.steps(groovy.lang.Closure)
                  Jenkinsfile.sh(TODO_VALIDATION_COMMANDS)
         Jenkinsfile.post(groovy.lang.Closure)
            Jenkinsfile.always(groovy.lang.Closure)
               Jenkinsfile.echo(pipeline unit tests completed)
            Jenkinsfile.success(groovy.lang.Closure)
               Jenkinsfile.echo(pipeline unit tests PASSED)
            Jenkinsfile.failure(groovy.lang.Closure)
            Jenkinsfile.changed(groovy.lang.Closure)
               Jenkinsfile.echo(pipeline unit tests results have CHANGED)
            Jenkinsfile.unstable(groovy.lang.Closure)
   Jenkinsfile.execute()

Stage 'validate' skipped due to when expression returned false
post failure skipped as not FAILURE
post unstable skipped as SUCCESS
&gt;&gt;&gt;&gt;&gt;&gt; pipeline call stack -------------------------------------------------
   Jenkinsfile.run()
      Jenkinsfile.pipeline(groovy.lang.Closure)
         Jenkinsfile.agent(groovy.lang.Closure)
         Jenkinsfile.parameters(groovy.lang.Closure)
            Jenkinsfile.booleanParam({defaultValue=false, description=Whether to run validation stage, name=VALIDATE})
            Jenkinsfile.string({defaultValue=clean build test -i, description=Tasks and options for the gradle command, name=GRADLE_TASKS_OPTIONS})
         Jenkinsfile.options(groovy.lang.Closure)
            Jenkinsfile.logRotator({numToKeepStr=10})
            Jenkinsfile.buildDiscarder(null)
            Jenkinsfile.timestamps()
         Jenkinsfile.triggers(groovy.lang.Closure)
            Jenkinsfile.pollSCM(*/5 * * * *)
         Jenkinsfile.stages(groovy.lang.Closure)
            Jenkinsfile.stage(Checkout, groovy.lang.Closure)
               Jenkinsfile.steps(groovy.lang.Closure)
                  Jenkinsfile.deleteDir()
                  Jenkinsfile.checkout(groovy.lang.Closure)
            Jenkinsfile.stage(build, groovy.lang.Closure)
               Jenkinsfile.steps(groovy.lang.Closure)
                  Jenkinsfile.tool({name=GRADLE_3, type=hudson.plugins.gradle.GradleInstallation})
                  Jenkinsfile.withEnv([GRADLE_HOME=GRADLE_3_HOME], groovy.lang.Closure)
                     Jenkinsfile.withEnv([PATH=/some/path:GRADLE_3_HOME/bin], groovy.lang.Closure)
                        Jenkinsfile.echo(GRADLE_HOME=GRADLE_3_HOME)
                        Jenkinsfile.echo(PATH=/some/path:GRADLE_3_HOME/bin)
                        Jenkinsfile.sh(gradle build test)
            Jenkinsfile.stage(validate, groovy.lang.Closure)
               Jenkinsfile.when(groovy.lang.Closure)
                  Jenkinsfile.expression(groovy.lang.Closure)
         Jenkinsfile.post(groovy.lang.Closure)
            Jenkinsfile.always(groovy.lang.Closure)
               Jenkinsfile.echo(pipeline unit tests completed)
            Jenkinsfile.success(groovy.lang.Closure)
               Jenkinsfile.echo(pipeline unit tests PASSED)
            Jenkinsfile.failure(groovy.lang.Closure)
            Jenkinsfile.changed(groovy.lang.Closure)
               Jenkinsfile.echo(pipeline unit tests results have CHANGED)
            Jenkinsfile.unstable(groovy.lang.Closure)
   Jenkinsfile.execute()

Stage 'validate' skipped - job status: 'FAILURE'
post success skipped as not SUCCESS
post unstable skipped as SUCCESS
&gt;&gt;&gt;&gt;&gt;&gt; pipeline call stack -------------------------------------------------
   Jenkinsfile.run()
      Jenkinsfile.pipeline(groovy.lang.Closure)
         Jenkinsfile.agent(groovy.lang.Closure)
         Jenkinsfile.parameters(groovy.lang.Closure)
            Jenkinsfile.booleanParam({defaultValue=false, description=Whether to run validation stage, name=VALIDATE})
            Jenkinsfile.string({defaultValue=clean build test -i, description=Tasks and options for the gradle command, name=GRADLE_TASKS_OPTIONS})
         Jenkinsfile.options(groovy.lang.Closure)
            Jenkinsfile.logRotator({numToKeepStr=10})
            Jenkinsfile.buildDiscarder(null)
            Jenkinsfile.timestamps()
         Jenkinsfile.triggers(groovy.lang.Closure)
            Jenkinsfile.pollSCM(*/5 * * * *)
         Jenkinsfile.stages(groovy.lang.Closure)
            Jenkinsfile.stage(Checkout, groovy.lang.Closure)
               Jenkinsfile.steps(groovy.lang.Closure)
                  Jenkinsfile.deleteDir()
                  Jenkinsfile.checkout(groovy.lang.Closure)
            Jenkinsfile.stage(build, groovy.lang.Closure)
               Jenkinsfile.steps(groovy.lang.Closure)
                  Jenkinsfile.tool({name=GRADLE_3, type=hudson.plugins.gradle.GradleInstallation})
                  Jenkinsfile.withEnv([GRADLE_HOME=GRADLE_3_HOME], groovy.lang.Closure)
                     Jenkinsfile.withEnv([PATH=/some/path:GRADLE_3_HOME/bin], groovy.lang.Closure)
                        Jenkinsfile.echo(GRADLE_HOME=GRADLE_3_HOME)
                        Jenkinsfile.echo(PATH=/some/path:GRADLE_3_HOME/bin)
                        Jenkinsfile.sh(gradle clean build test -i)
            Jenkinsfile.stage(validate, groovy.lang.Closure)
         Jenkinsfile.post(groovy.lang.Closure)
            Jenkinsfile.always(groovy.lang.Closure)
               Jenkinsfile.echo(pipeline unit tests completed)
            Jenkinsfile.success(groovy.lang.Closure)
            Jenkinsfile.failure(groovy.lang.Closure)
               Jenkinsfile.echo(pipeline unit tests FAILED)
            Jenkinsfile.changed(groovy.lang.Closure)
               Jenkinsfile.echo(pipeline unit tests results have CHANGED)
            Jenkinsfile.unstable(groovy.lang.Closure)
   Jenkinsfile.execute()

Stage 'validate' skipped due to when expression returned false
post failure skipped as not FAILURE
post unstable skipped as SUCCESS
&gt;&gt;&gt;&gt;&gt;&gt; pipeline call stack -------------------------------------------------
   Jenkinsfile.run()
      Jenkinsfile.pipeline(groovy.lang.Closure)
         Jenkinsfile.agent(groovy.lang.Closure)
         Jenkinsfile.parameters(groovy.lang.Closure)
            Jenkinsfile.booleanParam({defaultValue=false, description=Whether to run validation stage, name=VALIDATE})
            Jenkinsfile.string({defaultValue=clean build test -i, description=Tasks and options for the gradle command, name=GRADLE_TASKS_OPTIONS})
         Jenkinsfile.options(groovy.lang.Closure)
            Jenkinsfile.logRotator({numToKeepStr=10})
            Jenkinsfile.buildDiscarder(null)
            Jenkinsfile.timestamps()
         Jenkinsfile.triggers(groovy.lang.Closure)
            Jenkinsfile.pollSCM(*/5 * * * *)
         Jenkinsfile.stages(groovy.lang.Closure)
            Jenkinsfile.stage(Checkout, groovy.lang.Closure)
               Jenkinsfile.steps(groovy.lang.Closure)
                  Jenkinsfile.deleteDir()
                  Jenkinsfile.checkout(groovy.lang.Closure)
            Jenkinsfile.stage(build, groovy.lang.Closure)
               Jenkinsfile.steps(groovy.lang.Closure)
                  Jenkinsfile.tool({name=GRADLE_3, type=hudson.plugins.gradle.GradleInstallation})
                  Jenkinsfile.withEnv([GRADLE_HOME=GRADLE_3_HOME], groovy.lang.Closure)
                     Jenkinsfile.withEnv([PATH=/some/path:GRADLE_3_HOME/bin], groovy.lang.Closure)
                        Jenkinsfile.echo(GRADLE_HOME=GRADLE_3_HOME)
                        Jenkinsfile.echo(PATH=/some/path:GRADLE_3_HOME/bin)
                        Jenkinsfile.sh(gradle clean build test -i)
            Jenkinsfile.stage(validate, groovy.lang.Closure)
               Jenkinsfile.when(groovy.lang.Closure)
                  Jenkinsfile.expression(groovy.lang.Closure)
         Jenkinsfile.post(groovy.lang.Closure)
            Jenkinsfile.always(groovy.lang.Closure)
               Jenkinsfile.echo(pipeline unit tests completed)
            Jenkinsfile.success(groovy.lang.Closure)
               Jenkinsfile.echo(pipeline unit tests PASSED)
            Jenkinsfile.failure(groovy.lang.Closure)
            Jenkinsfile.changed(groovy.lang.Closure)
               Jenkinsfile.echo(pipeline unit tests results have CHANGED)
            Jenkinsfile.unstable(groovy.lang.Closure)
   Jenkinsfile.execute()

Stage 'Checkout' skipped - job status: 'FAILURE'
Stage 'build' skipped - job status: 'FAILURE'
Stage 'validate' skipped - job status: 'FAILURE'
post success skipped as not SUCCESS
post unstable skipped as SUCCESS
&gt;&gt;&gt;&gt;&gt;&gt; pipeline call stack -------------------------------------------------
   Jenkinsfile.run()
      Jenkinsfile.pipeline(groovy.lang.Closure)
         Jenkinsfile.agent(groovy.lang.Closure)
         Jenkinsfile.parameters(groovy.lang.Closure)
            Jenkinsfile.booleanParam({defaultValue=false, description=Whether to run validation stage, name=VALIDATE})
            Jenkinsfile.string({defaultValue=clean build test -i, description=Tasks and options for the gradle command, name=GRADLE_TASKS_OPTIONS})
         Jenkinsfile.options(groovy.lang.Closure)
            Jenkinsfile.logRotator({numToKeepStr=10})
            Jenkinsfile.buildDiscarder(null)
            Jenkinsfile.timestamps()
         Jenkinsfile.triggers(groovy.lang.Closure)
            Jenkinsfile.pollSCM(*/5 * * * *)
         Jenkinsfile.stages(groovy.lang.Closure)
            Jenkinsfile.stage(Checkout, groovy.lang.Closure)
            Jenkinsfile.stage(build, groovy.lang.Closure)
            Jenkinsfile.stage(validate, groovy.lang.Closure)
         Jenkinsfile.post(groovy.lang.Closure)
            Jenkinsfile.always(groovy.lang.Closure)
               Jenkinsfile.echo(pipeline unit tests completed)
            Jenkinsfile.success(groovy.lang.Closure)
            Jenkinsfile.failure(groovy.lang.Closure)
               Jenkinsfile.echo(pipeline unit tests FAILED)
            Jenkinsfile.changed(groovy.lang.Closure)
               Jenkinsfile.echo(pipeline unit tests results have CHANGED)
            Jenkinsfile.unstable(groovy.lang.Closure)
   Jenkinsfile.execute()

Stage 'Checkout' skipped - job status: 'ABORTED'
Stage 'build' skipped - job status: 'ABORTED'
Stage 'validate' skipped - job status: 'ABORTED'
post success skipped as not SUCCESS
post failure skipped as not FAILURE
post unstable skipped as SUCCESS
&gt;&gt;&gt;&gt;&gt;&gt; pipeline call stack -------------------------------------------------
   Jenkinsfile.run()
      Jenkinsfile.pipeline(groovy.lang.Closure)
         Jenkinsfile.agent(groovy.lang.Closure)
         Jenkinsfile.parameters(groovy.lang.Closure)
            Jenkinsfile.booleanParam({defaultValue=false, description=Whether to run validation stage, name=VALIDATE})
            Jenkinsfile.string({defaultValue=clean build test -i, description=Tasks and options for the gradle command, name=GRADLE_TASKS_OPTIONS})
         Jenkinsfile.options(groovy.lang.Closure)
            Jenkinsfile.logRotator({numToKeepStr=10})
            Jenkinsfile.buildDiscarder(null)
            Jenkinsfile.timestamps()
         Jenkinsfile.triggers(groovy.lang.Closure)
            Jenkinsfile.pollSCM(*/5 * * * *)
         Jenkinsfile.stages(groovy.lang.Closure)
            Jenkinsfile.stage(Checkout, groovy.lang.Closure)
            Jenkinsfile.stage(build, groovy.lang.Closure)
            Jenkinsfile.stage(validate, groovy.lang.Closure)
         Jenkinsfile.post(groovy.lang.Closure)
            Jenkinsfile.always(groovy.lang.Closure)
               Jenkinsfile.echo(pipeline unit tests completed)
            Jenkinsfile.success(groovy.lang.Closure)
            Jenkinsfile.failure(groovy.lang.Closure)
            Jenkinsfile.changed(groovy.lang.Closure)
               Jenkinsfile.echo(pipeline unit tests results have CHANGED)
            Jenkinsfile.unstable(groovy.lang.Closure)
   Jenkinsfile.execute()

Stage 'validate' skipped due to when expression returned false
post success skipped as not SUCCESS
post failure skipped as not FAILURE
&gt;&gt;&gt;&gt;&gt;&gt; pipeline call stack -------------------------------------------------
   Jenkinsfile.run()
      Jenkinsfile.pipeline(groovy.lang.Closure)
         Jenkinsfile.agent(groovy.lang.Closure)
         Jenkinsfile.parameters(groovy.lang.Closure)
            Jenkinsfile.booleanParam({defaultValue=false, description=Whether to run validation stage, name=VALIDATE})
            Jenkinsfile.string({defaultValue=clean build test -i, description=Tasks and options for the gradle command, name=GRADLE_TASKS_OPTIONS})
         Jenkinsfile.options(groovy.lang.Closure)
            Jenkinsfile.logRotator({numToKeepStr=10})
            Jenkinsfile.buildDiscarder(null)
            Jenkinsfile.timestamps()
         Jenkinsfile.triggers(groovy.lang.Closure)
            Jenkinsfile.pollSCM(*/5 * * * *)
         Jenkinsfile.stages(groovy.lang.Closure)
            Jenkinsfile.stage(Checkout, groovy.lang.Closure)
               Jenkinsfile.steps(groovy.lang.Closure)
                  Jenkinsfile.deleteDir()
                  Jenkinsfile.checkout(groovy.lang.Closure)
            Jenkinsfile.stage(build, groovy.lang.Closure)
               Jenkinsfile.steps(groovy.lang.Closure)
                  Jenkinsfile.tool({name=GRADLE_3, type=hudson.plugins.gradle.GradleInstallation})
                  Jenkinsfile.withEnv([GRADLE_HOME=GRADLE_3_HOME], groovy.lang.Closure)
                     Jenkinsfile.withEnv([PATH=/some/path:GRADLE_3_HOME/bin], groovy.lang.Closure)
                        Jenkinsfile.echo(GRADLE_HOME=GRADLE_3_HOME)
                        Jenkinsfile.echo(PATH=/some/path:GRADLE_3_HOME/bin)
                        Jenkinsfile.sh(gradle clean build test -i)
            Jenkinsfile.stage(validate, groovy.lang.Closure)
               Jenkinsfile.when(groovy.lang.Closure)
                  Jenkinsfile.expression(groovy.lang.Closure)
         Jenkinsfile.post(groovy.lang.Closure)
            Jenkinsfile.always(groovy.lang.Closure)
               Jenkinsfile.echo(pipeline unit tests completed)
            Jenkinsfile.success(groovy.lang.Closure)
            Jenkinsfile.failure(groovy.lang.Closure)
            Jenkinsfile.changed(groovy.lang.Closure)
               Jenkinsfile.echo(pipeline unit tests results have CHANGED)
            Jenkinsfile.unstable(groovy.lang.Closure)
               Jenkinsfile.echo(pipeline unit tests have gone UNSTABLE)
   Jenkinsfile.execute()

</pre>
</span>
</div>
</div>
<div id="footer">
<p>
<div>
<label class="hidden" id="label-for-line-wrapping-toggle" for="line-wrapping-toggle">Wrap lines
<input id="line-wrapping-toggle" type="checkbox" autocomplete="off"/>
</label>
</div>Generated by 
<a href="http://www.gradle.org">Gradle 4.0.1</a> at Jul 24, 2017 9:54:26 PM</p>
</div>
</div>
</body>
</html>
